2023-07-15 14:23:55,082 - WARNING - Movement: Still

2023-07-17 11:30:37,508 - WARNING - still

2023-07-17 11:34:30,803 - WARNING - still

2023-07-17 11:36:29,121 - INFO - Works successfully

2023-07-17 11:37:07,207 - INFO - Works successfully

2023-07-17 11:38:16,129 - INFO - Works successfully

2023-07-17 11:44:11,423 - INFO - Works successfully

2023-07-17 14:06:06,988 - INFO - Works successfully

2023-07-17 14:07:20,685 - INFO - Works successfully

2023-07-17 14:10:34,696 - INFO - Works successfully

2023-07-17 14:11:52,158 - INFO - Works successfully

2023-07-17 14:16:47,845 - INFO - Works successfully

2023-07-17 14:19:30,940 - INFO - Works successfully

2023-07-17 14:21:13,764 - INFO - Works successfully

2023-07-17 14:22:28,859 - INFO - Works successfully

2023-07-17 14:23:59,789 - INFO - Works successfully

2023-07-17 14:25:00,105 - INFO - Works successfully

2023-07-18 12:18:24,723 - INFO - Works successfully

2023-07-18 12:19:45,283 - INFO - Works successfully

2023-07-18 12:21:09,174 - WARNING - still

2023-07-18 12:23:49,330 - WARNING - still

2023-07-18 12:24:13,100 - WARNING - still

2023-07-18 12:25:41,164 - WARNING - still

2023-07-18 12:26:52,378 - WARNING - still

2023-07-18 12:27:31,779 - WARNING - still

2023-07-18 12:28:16,860 - WARNING - still

2023-07-18 12:45:31,016 - INFO - Works successfully

2023-07-18 12:45:52,394 - INFO - Works successfully

2023-07-18 14:07:25,149 - INFO - Works successfully

2023-07-18 14:07:59,182 - INFO - Works successfully

2023-07-18 14:08:31,664 - INFO - Works successfully

2023-07-18 14:14:47,491 - INFO - Works successfully

2023-07-18 14:15:39,355 - INFO - Works successfully

2023-07-18 14:28:19,110 - INFO - Works successfully

2023-07-18 14:30:20,127 - INFO - Works successfully

2023-07-18 14:31:47,546 - INFO - Works successfully

2023-07-18 14:33:23,066 - INFO - Works successfully

2023-07-18 14:34:47,288 - INFO - Works successfully

2023-07-18 14:37:41,177 - INFO - Works successfully

2023-07-18 14:39:32,765 - INFO - Works successfully

2023-07-18 14:40:46,055 - INFO - Works successfully

2023-07-18 14:42:41,017 - INFO - Works successfully

2023-07-18 14:44:31,092 - INFO - Works successfully

2023-07-18 14:45:39,087 - INFO - Works successfully

2023-07-18 14:46:38,958 - INFO - Works successfully

2023-07-18 14:47:43,142 - INFO - Works successfully

2023-07-18 16:57:51,631 - INFO - Works successfully

2023-07-18 16:58:20,523 - INFO - Works successfully

2023-07-19 11:21:14,526 - INFO - Works successfully

2023-07-19 11:21:36,397 - INFO - Works successfully

2023-07-19 11:23:31,501 - INFO - Works successfully

2023-07-19 11:24:37,113 - INFO - 2023-07-19 11:24:10
2023-07-19 11:26:10,601 - INFO - Works successfully

2023-07-19 11:27:45,415 - INFO - Works successfully

2023-07-19 11:33:22,771 - INFO - Works successfully

2023-07-19 11:36:22,350 - INFO - Works successfully

2023-07-19 12:20:28,203 - INFO - Works successfully

2023-07-19 12:21:01,014 - INFO - Works successfully

2023-07-19 12:22:03,739 - INFO - 2023-07-19 12:21:38
2023-07-19 21:27:14,093 - WARNING - still

2023-07-20 16:53:14,281 - WARNING - still

2023-07-20 16:53:53,460 - WARNING - still

2023-07-20 16:54:57,818 - WARNING - still

2023-07-20 16:56:59,694 - WARNING - still

2023-07-20 16:58:49,940 - WARNING - still

2023-07-20 17:01:17,550 - WARNING - still

2023-07-20 17:02:20,634 - WARNING - still

2023-07-21 15:00:16,063 - INFO - Works successfully

2023-07-21 15:15:11,483 - INFO - Working Fine.

